[2025-07-08T20:37:52.397] [DEBUG] debug-file - env: nodejsVersion=v18.20.1
[2025-07-08T20:37:52.841] [DEBUG] debug-file - Hvigor init with startParameters:{
  hvigorfileTypeCheck: false,
  parallelExecution: true,
  incrementalExecution: true,
  printStackTrace: false,
  daemon: false,
  analyze: 0,
  logLevel: Level { level: 20000, levelStr: 'INFO', colour: 'green' },
  hotCompile: undefined,
  hotReloadBuild: undefined
}
[2025-07-08T20:37:52.857] [DEBUG] debug-file - hvigorfile, resolving D:\project\faqsnippets\MediaKit\hvigorfile.ts
[2025-07-08T20:37:54.274] [DEBUG] debug-file - hvigorfile, require result:  { default: { system: [Function: appTasks], plugins: [] } }
[2025-07-08T20:37:54.472] [DEBUG] debug-file - Start initialize project's product build option map with build mode debug.
[2025-07-08T20:37:54.477] [DEBUG] debug-file - Product 'default' using build option: {
  "debuggable": true,
  "strictMode": {
    "caseSensitiveCheck": true,
    "useNormalizedOHMUrl": true
  }
} in this build.
[2025-07-08T20:37:54.489] [DEBUG] debug-file - Local scan or download HarmonyOS sdk components toolchains,ets,js,native,previewer
[2025-07-08T20:37:54.492] [DEBUG] debug-file - Local scan or download hmscore sdk components toolchains,ets,native
[2025-07-08T20:37:54.502] [DEBUG] debug-file - Start recording SDK configuration permission data.
[2025-07-08T20:37:54.540] [DEBUG] debug-file - Sdk init in 55 ms 
[2025-07-08T20:37:54.574] [DEBUG] debug-file - Project task initialization takes 32 ms 
[2025-07-08T20:37:54.585] [DEBUG] debug-file - hvigorfile, resolving D:\project\faqsnippets\MediaKit\entry\hvigorfile.ts
[2025-07-08T20:37:54.608] [DEBUG] debug-file - Start initialize module-target build option map, moduleName=entry, buildMode=debug
[2025-07-08T20:37:54.619] [DEBUG] debug-file - Module entry task initialization takes 6 ms 
[2025-07-08T20:37:54.622] [DEBUG] debug-file - project has submodules:entry
[2025-07-08T20:37:54.639] [DEBUG] debug-file - Start to initialize dependency information.
[2025-07-08T20:37:54.647] [DEBUG] debug-file - Configuration phase cost:1 s 799 ms 
[2025-07-08T20:37:54.651] [DEBUG] debug-file - Configuration task cost before running: 1 s 826 ms 
[2025-07-08T20:37:54.654] [DEBUG] debug-file - Executing task :entry:clean
[2025-07-08T20:37:54.657] [DEBUG] debug-file - entry : clean cost memory 0.2430877685546875
[2025-07-08T20:37:54.672] [DEBUG] debug-file - Module 'entry' target 'default' using build option: {
  "debuggable": true,
  "copyFrom": "default",
  "strictMode": {
    "caseSensitiveCheck": true,
    "useNormalizedOHMUrl": true
  },
  "name": "debug"
} in this build.
[2025-07-08T20:37:52.399] [DEBUG] debug-file - env: hvigor-config.json5 content = {
  modelVersion: '5.0.4',
  dependencies: {},
  execution: {},
  logging: {},
  debugging: {},
  nodeOptions: {}
}
[2025-07-08T20:37:52.842] [DEBUG] debug-file - Since current hvigor version 5.19.0 differs from last hvigor version 
      undefined, delete file-cache.json and task-cache.json.
[2025-07-08T20:37:54.275] [DEBUG] debug-file - hvigorfile, binding system plugins [Function: appTasks]
[2025-07-08T20:37:54.473] [DEBUG] debug-file - Picking option from product 'default' with build mode 'debug'.
[2025-07-08T20:37:54.485] [DEBUG] debug-file - No signingConfig found, initRemoteHspCache failed.
[2025-07-08T20:37:54.574] [DEBUG] debug-file - hvigorfile, binding custom plugins []
[2025-07-08T20:37:54.591] [DEBUG] debug-file - hvigorfile, require result:  { default: { system: [Function: hapTasks], plugins: [] } }
[2025-07-08T20:37:54.608] [DEBUG] debug-file - Target 'default' config: {}
[2025-07-08T20:37:54.619] [DEBUG] debug-file - hvigorfile, binding custom plugins []
[2025-07-08T20:37:54.624] [DEBUG] debug-file - start to load updatedOhPackageInfo to the disk
[2025-07-08T20:37:54.641] [DEBUG] debug-file - Module entry Collected Dependency: 
[2025-07-08T20:37:54.654] [DEBUG] debug-file - clean: Worker pool is inactive.
[2025-07-08T20:37:54.657] [DEBUG] debug-file - runTaskFromQueue task cost before running: 1 s 832 ms 
[2025-07-08T20:37:54.675] [DEBUG] debug-file - Module 'entry' target 'ohosTest' using build option: {
  "debuggable": true,
  "strictMode": {
    "caseSensitiveCheck": true,
    "useNormalizedOHMUrl": true
  },
  "name": "default"
} in this build.
[2025-07-08T20:37:54.691] [DEBUG] debug-file - Create  resident worker with id: 0.
[2025-07-08T20:37:52.401] [DEBUG] debug-file - env: daemon=false
[2025-07-08T20:37:52.843] [DEBUG] debug-file - Cache service initialization finished in 2 ms 
[2025-07-08T20:37:54.473] [DEBUG] debug-file - Product 'default' build option: {}
[2025-07-08T20:37:54.574] [DEBUG] debug-file - hvigorfile, no custom plugins were found in D:\project\faqsnippets\MediaKit\hvigorfile.ts
[2025-07-08T20:37:54.592] [DEBUG] debug-file - hvigorfile, binding system plugins [Function: hapTasks]
[2025-07-08T20:37:54.609] [DEBUG] debug-file - Target 'ohosTest' config: {}
[2025-07-08T20:37:54.619] [DEBUG] debug-file - hvigorfile, no custom plugins were found in D:\project\faqsnippets\MediaKit\entry\hvigorfile.ts
[2025-07-08T20:37:54.627] [DEBUG] debug-file - load to the disk finished
[2025-07-08T20:37:54.641] [DEBUG] debug-file - Module entry's total dependency: 0
[2025-07-08T20:37:54.658] [INFO] debug-file - Finished :entry:clean... after 3 ms 
[2025-07-08T20:37:54.689] [DEBUG] debug-file - Since there is no instance or instance is terminated, create a new worker pool.
[2025-07-08T20:37:54.694] [DEBUG] debug-file - Create  resident worker with id: 1.
[2025-07-08T20:37:52.401] [DEBUG] debug-file - no-daemon, use the parent process.execArgv --max-old-space-size=8192,--max-semi-space-size=16,--expose-gc
[2025-07-08T20:37:54.473] [DEBUG] debug-file - End initialize project's product build option map with build mode 'debug'.
[2025-07-08T20:37:54.574] [DEBUG] debug-file - hvigorfile, resolve finished D:\project\faqsnippets\MediaKit\hvigorfile.ts
[2025-07-08T20:37:54.592] [DEBUG] debug-file - failed to load cangjie to dynamically generate schemas: Error: Cannot find module '@ohos/cangjie-build-support/index'
Require stack:
- D:\tools\DevEco Studio\tools\hvigor\hvigor-ohos-plugin\src\plugin\factory\plugin-factory.js
- D:\tools\DevEco Studio\tools\hvigor\hvigor-ohos-plugin\index.js
- D:\project\faqsnippets\MediaKit\hvigorfile.ts
- D:\tools\DevEco Studio\tools\hvigor\hvigor\src\base\internal\lifecycle\configuration.js
- D:\tools\DevEco Studio\tools\hvigor\hvigor\src\base\boot\index.js
- D:\tools\DevEco Studio\tools\hvigor\hvigor\src\cli\main\cli.js
- D:\tools\DevEco Studio\tools\hvigor\hvigor\bin\hvigor.js
[2025-07-08T20:37:54.609] [DEBUG] debug-file - Module 'entry' target 'default' build option: {
  "debuggable": true,
  "copyFrom": "default",
  "strictMode": {
    "caseSensitiveCheck": true,
    "useNormalizedOHMUrl": true
  },
  "name": "debug"
}
[2025-07-08T20:37:54.619] [DEBUG] debug-file - hvigorfile, resolve finished D:\project\faqsnippets\MediaKit\entry\hvigorfile.ts
[2025-07-08T20:37:54.628] [DEBUG] debug-file - Start to initialize dependency information.
[2025-07-08T20:37:54.658] [DEBUG] debug-file - Executing task ::clean
[2025-07-08T20:37:54.689] [DEBUG] debug-file - Worker pool is initialized with config:  {
  minPoolNum: 2,
  maxPoolNum: undefined,
  maxCoreSize: undefined,
  cacheCapacity: undefined,
  cacheTtl: undefined
}
[2025-07-08T20:37:54.697] [DEBUG] debug-file - Current worker pool is stopped or closed.
[2025-07-08T20:37:54.609] [DEBUG] debug-file - Module 'entry' target 'ohosTest' build option: {
  "debuggable": true,
  "strictMode": {
    "caseSensitiveCheck": true,
    "useNormalizedOHMUrl": true
  },
  "name": "default"
}
[2025-07-08T20:37:54.637] [DEBUG] debug-file - Module MediaKit Collected Dependency: 
[2025-07-08T20:37:54.658] [DEBUG] debug-file - clean: Worker pool is inactive.
[2025-07-08T20:37:54.697] [DEBUG] debug-file - Clear worker 0.
[2025-07-08T20:37:54.609] [DEBUG] debug-file - End initialize module-target build option map, moduleName=entry
[2025-07-08T20:37:54.637] [DEBUG] debug-file - Module MediaKit's total dependency: 0
[2025-07-08T20:37:54.658] [DEBUG] debug-file - MediaKit : clean cost memory 0.033233642578125
[2025-07-08T20:37:54.697] [DEBUG] debug-file - Worker 0 has been cleared.
[2025-07-08T20:37:54.609] [DEBUG] debug-file - Start initialize module-target build option map, moduleName=entry, buildMode=release
[2025-07-08T20:37:54.659] [DEBUG] debug-file - runTaskFromQueue task cost before running: 1 s 834 ms 
[2025-07-08T20:37:54.697] [DEBUG] debug-file - Current idle worker size: 1.
[2025-07-08T20:37:54.609] [DEBUG] debug-file - Target 'default' config: {}
[2025-07-08T20:37:54.659] [INFO] debug-file - Finished ::clean... after 1 ms 
[2025-07-08T20:37:54.697] [DEBUG] debug-file - Current busy worker size: 0.
[2025-07-08T20:37:54.610] [DEBUG] debug-file - Target 'ohosTest' config: {}
[2025-07-08T20:37:54.659] [DEBUG] debug-file - Executing task :entry:init
[2025-07-08T20:37:54.697] [DEBUG] debug-file - Clear worker 1.
[2025-07-08T20:37:54.610] [DEBUG] debug-file - Module 'entry' target 'default' build option: {
  "debuggable": false,
  "copyFrom": "default",
  "strictMode": {
    "caseSensitiveCheck": true,
    "useNormalizedOHMUrl": true
  },
  "name": "release",
  "arkOptions": {
    "obfuscation": {
      "ruleOptions": {
        "enable": false,
        "files": [
          "./obfuscation-rules.txt"
        ]
      }
    }
  }
}
[2025-07-08T20:37:54.659] [DEBUG] debug-file - entry : init cost memory 0.0126953125
[2025-07-08T20:37:54.697] [DEBUG] debug-file - Worker 1 has been cleared.
[2025-07-08T20:37:54.610] [DEBUG] debug-file - Module 'entry' target 'ohosTest' build option: {
  "debuggable": true,
  "strictMode": {
    "caseSensitiveCheck": true,
    "useNormalizedOHMUrl": true
  },
  "name": "default"
}
[2025-07-08T20:37:54.660] [DEBUG] debug-file - runTaskFromQueue task cost before running: 1 s 835 ms 
[2025-07-08T20:37:54.697] [DEBUG] debug-file - Current idle worker size: 0.
[2025-07-08T20:37:54.610] [DEBUG] debug-file - End initialize module-target build option map, moduleName=entry
[2025-07-08T20:37:54.660] [INFO] debug-file - Finished :entry:init... after 1 ms 
[2025-07-08T20:37:54.697] [DEBUG] debug-file - Current busy worker size: 0.
[2025-07-08T20:37:54.610] [DEBUG] debug-file - Start initialize module-target build option map, moduleName=entry, buildMode=debug
[2025-07-08T20:37:54.660] [DEBUG] debug-file - Executing task ::init
[2025-07-08T20:37:54.698] [DEBUG] debug-file - hvigor build process will be closed.
[2025-07-08T20:37:54.610] [DEBUG] debug-file - Target 'default' config: {}
[2025-07-08T20:37:54.660] [DEBUG] debug-file - MediaKit : init cost memory 0.011474609375
[2025-07-08T20:37:54.704] [DEBUG] debug-file - worker[0] exits with exit code 0.
[2025-07-08T20:37:54.610] [DEBUG] debug-file - Target 'ohosTest' config: {}
[2025-07-08T20:37:54.660] [DEBUG] debug-file - runTaskFromQueue task cost before running: 1 s 835 ms 
[2025-07-08T20:37:54.705] [DEBUG] debug-file - worker[1] exits with exit code 0.
[2025-07-08T20:37:54.610] [DEBUG] debug-file - Module 'entry' target 'default' build option: {
  "debuggable": true,
  "copyFrom": "default",
  "strictMode": {
    "caseSensitiveCheck": true,
    "useNormalizedOHMUrl": true
  },
  "name": "debug"
}
[2025-07-08T20:37:54.660] [INFO] debug-file - Finished ::init... after 1 ms 
[2025-07-08T20:37:54.705] [DEBUG] debug-file - Current worker pool is terminated.
[2025-07-08T20:37:54.610] [DEBUG] debug-file - Module 'entry' target 'ohosTest' build option: {
  "debuggable": true,
  "strictMode": {
    "caseSensitiveCheck": true,
    "useNormalizedOHMUrl": true
  },
  "name": "default"
}
[2025-07-08T20:37:54.611] [DEBUG] debug-file - End initialize module-target build option map, moduleName=entry
[2025-07-08T20:37:54.611] [DEBUG] debug-file - Module 'entry' target 'default' using build option: {
  "debuggable": true,
  "copyFrom": "default",
  "strictMode": {
    "caseSensitiveCheck": true,
    "useNormalizedOHMUrl": true
  },
  "name": "debug"
} in this build.
